<?xml version="1.0" encoding="UTF-8"?>
<!-- Generated by org.testng.reporters.JUnitReportReporter -->
<testsuite skipped="0" hostname="LAPTOP-D2C0U31D" name="TestCases.FirstAppiumTest" tests="1" failures="0" timestamp="27 Dec 2019 11:31:00 GMT" time="11.175" errors="0">
  <testcase name="firstTest" time="11.175" classname="TestCases.FirstAppiumTest"/>
</testsuite> <!-- TestCases.FirstAppiumTest -->
