<?xml version="1.0" encoding="UTF-8"?>
<!-- Generated by org.testng.reporters.JUnitReportReporter -->
<testsuite skipped="0" hostname="LAPTOP-D2C0U31D" name="AppiumTests.TapTest" tests="1" failures="0" timestamp="31 Dec 2019 10:29:41 GMT" time="26.994" errors="0">
  <testcase name="tapOptionsTest" time="26.994" classname="AppiumTests.TapTest"/>
</testsuite> <!-- AppiumTests.TapTest -->
