<?xml version="1.0" encoding="UTF-8"?>
<!-- Generated by org.testng.reporters.JUnitReportReporter -->
<testsuite skipped="0" hostname="LAPTOP-D2C0U31D" name="AppiumTests.LongPressTest" tests="1" failures="0" timestamp="31 Dec 2019 10:28:41 GMT" time="29.353" errors="0">
  <testcase name="testForLongPress" time="29.353" classname="AppiumTests.LongPressTest"/>
</testsuite> <!-- AppiumTests.LongPressTest -->
