<?xml version="1.0" encoding="UTF-8"?>
<!-- Generated by org.testng.reporters.JUnitReportReporter -->
<testsuite skipped="0" hostname="LAPTOP-D2C0U31D" name="AppiumTests.clickTest" tests="1" failures="0" timestamp="31 Dec 2019 09:59:27 GMT" time="26.412" errors="0">
  <testcase name="checkXpathAndId" time="26.412" classname="AppiumTests.clickTest"/>
</testsuite> <!-- AppiumTests.clickTest -->
