<?xml version="1.0" encoding="UTF-8"?>
<!-- Generated by org.testng.reporters.JUnitReportReporter -->
<testsuite skipped="0" hostname="LAPTOP-D2C0U31D" name="TestCases.FirstTest" tests="1" failures="0" timestamp="26 Dec 2019 05:33:07 GMT" time="8.020" errors="0">
  <testcase name="f" time="8.020" classname="TestCases.FirstTest"/>
</testsuite> <!-- TestCases.FirstTest -->
