<?xml version="1.0" encoding="UTF-8"?>
<!-- Generated by org.testng.reporters.JUnitReportReporter -->
<testsuite skipped="0" hostname="LAPTOP-D2C0U31D" name="AppiumTests.MobileChrome" tests="1" failures="0" timestamp="31 Dec 2019 10:26:19 GMT" time="30.958" errors="0">
  <testcase name="f" time="30.958" classname="AppiumTests.MobileChrome"/>
</testsuite> <!-- AppiumTests.MobileChrome -->
